INFO 2021-02-19 17:08:26,248 autoreload 613 Watching for file changes with StatReloader
INFO 2021-02-19 17:09:04,317 autoreload 236 D:\toGithubFiles\DjangoProject\BuleMall\BuleMall\apps\users\urls.py changed, reloading.
INFO 2021-02-19 17:09:04,943 autoreload 613 Watching for file changes with StatReloader
INFO 2021-02-19 17:09:07,834 basehttp 157 "GET / HTTP/1.1" 200 30163
INFO 2021-02-19 17:09:07,965 basehttp 157 "GET /static/images/logo.png HTTP/1.1" 304 0
ERROR 2021-02-19 17:09:08,155 exception 88 Invalid HTTP_HOST header: 'www.dj.mall:8000'. You may need to add 'www.dj.mall' to ALLOWED_HOSTS.
WARNING 2021-02-19 17:09:08,204 log 224 Bad Request: /carts/simple/
WARNING 2021-02-19 17:09:08,205 basehttp 157 "GET /carts/simple/ HTTP/1.1" 400 69954
INFO 2021-02-19 17:09:12,673 basehttp 157 "GET /register/ HTTP/1.1" 200 4149
INFO 2021-02-19 17:09:12,708 basehttp 157 "GET /static/js/register.js HTTP/1.1" 200 9257
INFO 2021-02-19 17:09:12,750 basehttp 157 "GET /static/images/interval_line.png HTTP/1.1" 200 1123
INFO 2021-02-19 17:09:12,750 basehttp 157 "GET /static/images/icons02.png HTTP/1.1" 200 3935
INFO 2021-02-19 17:09:12,752 basehttp 157 "GET /static/images/register_banner.png HTTP/1.1" 200 54894
ERROR 2021-02-19 17:09:12,781 exception 88 Invalid HTTP_HOST header: 'www.dj.mall:8000'. You may need to add 'www.dj.mall' to ALLOWED_HOSTS.
WARNING 2021-02-19 17:09:12,807 log 224 Bad Request: /image_codes/f12271f6-4f18-4e25-a173-c877f2dadbb5/
WARNING 2021-02-19 17:09:12,807 basehttp 157 "GET /image_codes/f12271f6-4f18-4e25-a173-c877f2dadbb5/ HTTP/1.1" 400 70239
INFO 2021-02-19 19:57:04,461 autoreload 613 Watching for file changes with StatReloader
INFO 2021-02-19 19:57:06,623 basehttp 157 "GET / HTTP/1.1" 200 30163
INFO 2021-02-19 19:57:06,739 basehttp 157 "GET /static/images/logo.png HTTP/1.1" 304 0
ERROR 2021-02-19 19:57:06,911 exception 88 Invalid HTTP_HOST header: 'www.dj.mall:8000'. You may need to add 'www.dj.mall' to ALLOWED_HOSTS.
WARNING 2021-02-19 19:57:06,943 log 224 Bad Request: /carts/simple/
WARNING 2021-02-19 19:57:06,944 basehttp 157 "GET /carts/simple/ HTTP/1.1" 400 69955
INFO 2021-02-19 20:08:28,466 basehttp 157 "GET / HTTP/1.1" 200 30163
ERROR 2021-02-19 20:08:28,778 exception 88 Invalid HTTP_HOST header: 'www.dj.mall:8000'. You may need to add 'www.dj.mall' to ALLOWED_HOSTS.
WARNING 2021-02-19 20:08:28,802 log 224 Bad Request: /carts/simple/
WARNING 2021-02-19 20:08:28,803 basehttp 157 "GET /carts/simple/ HTTP/1.1" 400 69955
INFO 2021-02-19 20:08:31,318 basehttp 157 "GET /register/ HTTP/1.1" 200 4141
ERROR 2021-02-19 20:08:31,412 exception 88 Invalid HTTP_HOST header: 'www.dj.mall:8000'. You may need to add 'www.dj.mall' to ALLOWED_HOSTS.
WARNING 2021-02-19 20:08:31,437 log 224 Bad Request: /image_codes/153203bc-be0d-4987-91bc-3adcf2162013/
WARNING 2021-02-19 20:08:31,438 basehttp 157 "GET /image_codes/153203bc-be0d-4987-91bc-3adcf2162013/ HTTP/1.1" 400 70240
INFO 2021-02-19 20:14:10,067 autoreload 236 D:\toGithubFiles\DjangoProject\BuleMall\BuleMall\BuleMall\settings\dev.py changed, reloading.
INFO 2021-02-19 20:14:10,708 autoreload 613 Watching for file changes with StatReloader
INFO 2021-02-19 20:14:11,898 basehttp 157 "GET / HTTP/1.1" 200 30163
WARNING 2021-02-19 20:14:12,153 log 224 Not Found: /carts/simple/
WARNING 2021-02-19 20:14:12,154 basehttp 157 "GET /carts/simple/ HTTP/1.1" 404 2507
INFO 2021-02-19 20:14:14,726 basehttp 157 "GET /register/ HTTP/1.1" 200 4156
WARNING 2021-02-19 20:14:14,825 log 224 Not Found: /image_codes/8b43364b-28a6-4f1f-ae86-2c7f0d011767/
WARNING 2021-02-19 20:14:14,825 basehttp 157 "GET /image_codes/8b43364b-28a6-4f1f-ae86-2c7f0d011767/ HTTP/1.1" 404 2615
INFO 2021-02-19 20:15:21,300 basehttp 157 "GET / HTTP/1.1" 200 30163
WARNING 2021-02-19 20:15:21,551 log 224 Not Found: /carts/simple/
WARNING 2021-02-19 20:15:21,552 basehttp 157 "GET /carts/simple/ HTTP/1.1" 404 2507
INFO 2021-02-19 20:15:23,385 basehttp 157 "GET /register/ HTTP/1.1" 200 4156
WARNING 2021-02-19 20:15:23,485 log 224 Not Found: /image_codes/e014d726-85a5-421d-8e76-bf21e48f49ad/
WARNING 2021-02-19 20:15:23,485 basehttp 157 "GET /image_codes/e014d726-85a5-421d-8e76-bf21e48f49ad/ HTTP/1.1" 404 2615
INFO 2021-02-19 20:15:26,166 basehttp 157 "GET /usernames/xuanRui/count/ HTTP/1.1" 200 41
INFO 2021-02-19 20:15:29,794 basehttp 157 "GET /usernames/xuanRui/count/ HTTP/1.1" 200 41
INFO 2021-02-19 20:15:45,298 basehttp 157 "GET /usernames/xuanRui/count/ HTTP/1.1" 200 41
WARNING 2021-02-19 20:16:23,441 log 224 Not Found: /mobiles/13753949664/count/
WARNING 2021-02-19 20:16:23,441 basehttp 157 "GET /mobiles/13753949664/count/ HTTP/1.1" 404 2546
WARNING 2021-02-19 20:16:33,963 log 224 Not Found: /mobiles/13753949664/count/
WARNING 2021-02-19 20:16:33,964 basehttp 157 "GET /mobiles/13753949664/count/ HTTP/1.1" 404 2546
INFO 2021-02-19 20:16:33,965 basehttp 157 "GET /usernames/xuanRui/count/ HTTP/1.1" 200 41
INFO 2021-02-19 20:16:33,968 basehttp 157 "POST /register/ HTTP/1.1" 200 48
INFO 2021-02-19 20:16:39,198 basehttp 157 "GET /register/ HTTP/1.1" 200 4156
WARNING 2021-02-19 20:16:39,294 log 224 Not Found: /image_codes/8a594541-f9d6-426d-b777-2eeea2ae72e9/
WARNING 2021-02-19 20:16:39,295 basehttp 157 "GET /image_codes/8a594541-f9d6-426d-b777-2eeea2ae72e9/ HTTP/1.1" 404 2615
INFO 2021-02-19 21:19:03,513 autoreload 613 Watching for file changes with StatReloader
INFO 2021-02-19 21:19:04,795 basehttp 157 "GET / HTTP/1.1" 200 30163
INFO 2021-02-19 21:19:04,878 basehttp 157 "GET /static/images/logo.png HTTP/1.1" 304 0
WARNING 2021-02-19 21:19:05,040 log 224 Not Found: /carts/simple/
WARNING 2021-02-19 21:19:05,041 basehttp 157 "GET /carts/simple/ HTTP/1.1" 404 2507
INFO 2021-02-19 21:19:07,936 basehttp 157 "GET /register/ HTTP/1.1" 200 4147
WARNING 2021-02-19 21:19:08,039 log 224 Not Found: /image_codes/18db2932-8617-4674-9c97-6dec7d4da8b5/
WARNING 2021-02-19 21:19:08,040 basehttp 157 "GET /image_codes/18db2932-8617-4674-9c97-6dec7d4da8b5/ HTTP/1.1" 404 2615
INFO 2021-02-19 21:19:15,567 basehttp 157 "GET /usernames/xuanRui/count/ HTTP/1.1" 200 41
WARNING 2021-02-19 21:19:33,977 basehttp 157 "GET /static/login.html HTTP/1.1" 404 1656
WARNING 2021-02-19 21:19:36,268 log 224 Not Found: /image_codes/096deea8-7295-48a7-8cf3-408aa8236e53/
WARNING 2021-02-19 21:19:36,268 basehttp 157 "GET /image_codes/096deea8-7295-48a7-8cf3-408aa8236e53/ HTTP/1.1" 404 2615
INFO 2021-02-19 21:29:34,377 autoreload 236 D:\toGithubFiles\DjangoProject\BuleMall\BuleMall\apps\users\views.py changed, reloading.
INFO 2021-02-19 21:29:35,017 autoreload 613 Watching for file changes with StatReloader
INFO 2021-02-19 22:02:43,356 autoreload 613 Watching for file changes with StatReloader
INFO 2021-02-19 22:03:07,113 basehttp 157 "GET / HTTP/1.1" 200 30163
INFO 2021-02-19 22:03:07,205 basehttp 157 "GET /static/images/logo.png HTTP/1.1" 304 0
WARNING 2021-02-19 22:03:07,370 log 224 Not Found: /carts/simple/
WARNING 2021-02-19 22:03:07,370 basehttp 157 "GET /carts/simple/ HTTP/1.1" 404 2507
WARNING 2021-02-19 22:03:10,255 log 224 Not Found: /login/
WARNING 2021-02-19 22:03:10,256 basehttp 157 "GET /login/ HTTP/1.1" 404 2484
WARNING 2021-02-19 22:03:11,950 log 224 Not Found: /carts/simple/
WARNING 2021-02-19 22:03:11,951 basehttp 157 "GET /carts/simple/ HTTP/1.1" 404 2507
INFO 2021-02-19 22:03:13,171 basehttp 157 "GET /register/ HTTP/1.1" 200 4147
WARNING 2021-02-19 22:03:13,270 log 224 Not Found: /image_codes/bd1d31fc-47aa-440f-a257-f76d1d5ffe7d/
WARNING 2021-02-19 22:03:13,270 basehttp 157 "GET /image_codes/bd1d31fc-47aa-440f-a257-f76d1d5ffe7d/ HTTP/1.1" 404 2615
INFO 2021-02-19 22:03:15,285 basehttp 157 "GET /usernames/xuanRui/count/ HTTP/1.1" 200 41
INFO 2021-02-19 22:03:23,649 basehttp 157 "GET /usernames/xuanRui1/count/ HTTP/1.1" 200 41
WARNING 2021-02-19 22:03:41,625 log 224 Not Found: /mobiles/13753949664/count/
WARNING 2021-02-19 22:03:41,625 basehttp 157 "GET /mobiles/13753949664/count/ HTTP/1.1" 404 2546
WARNING 2021-02-19 22:03:47,901 log 224 Not Found: /mobiles/13753949664/count/
WARNING 2021-02-19 22:03:47,901 basehttp 157 "GET /mobiles/13753949664/count/ HTTP/1.1" 404 2546
WARNING 2021-02-19 22:03:48,736 log 224 Not Found: /mobiles/13753949664/count/
WARNING 2021-02-19 22:03:48,736 basehttp 157 "GET /mobiles/13753949664/count/ HTTP/1.1" 404 2546
WARNING 2021-02-19 22:04:45,631 log 224 Not Found: /mobiles/13753949664/count/
WARNING 2021-02-19 22:04:45,632 basehttp 157 "GET /mobiles/13753949664/count/ HTTP/1.1" 404 2546
INFO 2021-02-19 22:04:45,644 basehttp 157 "GET /usernames/xuanRui1/count/ HTTP/1.1" 200 41
ERROR 2021-02-19 22:04:46,036 log 224 Internal Server Error: /register/
Traceback (most recent call last):
  File "D:\Python38\EVN_HOME\DjangoEvn\lib\site-packages\django\core\handlers\exception.py", line 47, in inner
    response = get_response(request)
  File "D:\Python38\EVN_HOME\DjangoEvn\lib\site-packages\django\core\handlers\base.py", line 179, in _get_response
    response = wrapped_callback(request, *callback_args, **callback_kwargs)
  File "D:\Python38\EVN_HOME\DjangoEvn\lib\site-packages\django\views\generic\base.py", line 70, in view
    return self.dispatch(request, *args, **kwargs)
  File "D:\Python38\EVN_HOME\DjangoEvn\lib\site-packages\django\views\generic\base.py", line 98, in dispatch
    return handler(request, *args, **kwargs)
  File "D:\toGithubFiles\DjangoProject\BuleMall\BuleMall\apps\users\views.py", line 47, in post
    sms_client = get_redis_connection('sms_code')
  File "D:\Python38\EVN_HOME\DjangoEvn\lib\site-packages\django_redis\__init__.py", line 12, in get_redis_connection
    cache = caches[alias]
  File "D:\Python38\EVN_HOME\DjangoEvn\lib\site-packages\django\core\cache\__init__.py", line 75, in __getitem__
    raise InvalidCacheBackendError(
django.core.cache.backends.base.InvalidCacheBackendError: Could not find config for 'sms_code' in settings.CACHES
ERROR 2021-02-19 22:04:46,037 basehttp 157 "POST /register/ HTTP/1.1" 500 87676
INFO 2021-02-19 22:06:19,235 autoreload 236 D:\toGithubFiles\DjangoProject\BuleMall\BuleMall\BuleMall\settings\dev.py changed, reloading.
INFO 2021-02-19 22:06:19,859 autoreload 613 Watching for file changes with StatReloader
INFO 2021-02-19 22:06:23,954 autoreload 613 Watching for file changes with StatReloader
INFO 2021-02-19 22:06:25,435 basehttp 157 "GET / HTTP/1.1" 200 30163
WARNING 2021-02-19 22:06:25,690 log 224 Not Found: /carts/simple/
WARNING 2021-02-19 22:06:25,690 basehttp 157 "GET /carts/simple/ HTTP/1.1" 404 2507
INFO 2021-02-19 22:06:27,835 basehttp 157 "GET /register/ HTTP/1.1" 200 4147
WARNING 2021-02-19 22:06:27,936 log 224 Not Found: /image_codes/8bafffcc-cf57-4117-a90d-3f28fa571f3a/
WARNING 2021-02-19 22:06:27,936 basehttp 157 "GET /image_codes/8bafffcc-cf57-4117-a90d-3f28fa571f3a/ HTTP/1.1" 404 2615
INFO 2021-02-19 22:06:29,181 basehttp 157 "GET /usernames/xuanRui/count/ HTTP/1.1" 200 41
INFO 2021-02-19 22:06:30,956 basehttp 157 "GET /usernames/xuanRui1/count/ HTTP/1.1" 200 41
WARNING 2021-02-19 22:06:42,099 log 224 Not Found: /mobiles/13753949664/count/
WARNING 2021-02-19 22:06:42,099 basehttp 157 "GET /mobiles/13753949664/count/ HTTP/1.1" 404 2546
WARNING 2021-02-19 22:06:48,369 log 224 Not Found: /mobiles/13753949663/count/
WARNING 2021-02-19 22:06:48,369 basehttp 157 "GET /mobiles/13753949663/count/ HTTP/1.1" 404 2546
INFO 2021-02-19 22:06:53,377 basehttp 157 "GET /usernames/xuanRui1/count/ HTTP/1.1" 200 41
WARNING 2021-02-19 22:06:53,379 log 224 Not Found: /mobiles/13753949663/count/
WARNING 2021-02-19 22:06:53,380 basehttp 157 "GET /mobiles/13753949663/count/ HTTP/1.1" 404 2546
INFO 2021-02-19 22:06:53,492 basehttp 157 "POST /register/ HTTP/1.1" 200 4218
WARNING 2021-02-19 22:06:53,575 log 224 Not Found: /image_codes/c4629b72-6daf-4c5d-a4d8-59339fafa659/
WARNING 2021-02-19 22:06:53,575 basehttp 157 "GET /image_codes/c4629b72-6daf-4c5d-a4d8-59339fafa659/ HTTP/1.1" 404 2615
INFO 2021-02-19 22:06:56,846 basehttp 157 "GET /usernames/xuanRui/count/ HTTP/1.1" 200 41
WARNING 2021-02-19 22:07:34,920 basehttp 157 "GET /static/js/axios.min.map HTTP/1.1" 404 1674
INFO 2021-02-19 22:07:42,520 basehttp 157 "POST /register/ HTTP/1.1" 200 4218
INFO 2021-02-19 22:07:42,606 basehttp 157 "GET /static/css/reset.css HTTP/1.1" 200 638
INFO 2021-02-19 22:07:42,606 basehttp 157 "GET /static/js/axios-0.18.0.min.js HTTP/1.1" 200 12941
INFO 2021-02-19 22:07:42,607 basehttp 157 "GET /static/css/main.css HTTP/1.1" 200 39722
INFO 2021-02-19 22:07:42,608 basehttp 157 "GET /static/js/vue-2.5.16.js HTTP/1.1" 200 289307
INFO 2021-02-19 22:07:42,619 basehttp 157 "GET /static/js/host.js HTTP/1.1" 200 77
INFO 2021-02-19 22:07:42,623 basehttp 157 "GET /static/js/common.js HTTP/1.1" 200 891
INFO 2021-02-19 22:07:42,638 basehttp 157 "GET /static/js/register.js HTTP/1.1" 200 9257
WARNING 2021-02-19 22:07:42,640 basehttp 157 "GET /static/js/axios.min.map HTTP/1.1" 404 1674
INFO 2021-02-19 22:07:42,640 basehttp 157 "GET /static/images/logo.png HTTP/1.1" 200 15162
INFO 2021-02-19 22:07:42,660 basehttp 157 "GET /static/images/interval_line.png HTTP/1.1" 200 1123
INFO 2021-02-19 22:07:42,660 basehttp 157 "GET /static/images/icons02.png HTTP/1.1" 200 3935
INFO 2021-02-19 22:07:42,661 basehttp 157 "GET /static/images/register_banner.png HTTP/1.1" 200 54894
WARNING 2021-02-19 22:07:42,704 log 224 Not Found: /image_codes/9796f9e9-cbbd-4250-87d8-218eda8bc50a/
WARNING 2021-02-19 22:07:42,705 basehttp 157 "GET /image_codes/9796f9e9-cbbd-4250-87d8-218eda8bc50a/ HTTP/1.1" 404 2615
INFO 2021-02-19 22:08:32,714 basehttp 157 "GET /usernames/xuanRui/count/ HTTP/1.1" 200 41
INFO 2021-02-19 22:08:34,124 basehttp 157 "POST /register/ HTTP/1.1" 200 4218
INFO 2021-02-19 22:08:34,165 basehttp 157 "GET /static/css/reset.css HTTP/1.1" 200 638
INFO 2021-02-19 22:08:34,166 basehttp 157 "GET /static/css/main.css HTTP/1.1" 200 39722
INFO 2021-02-19 22:08:34,167 basehttp 157 "GET /static/js/axios-0.18.0.min.js HTTP/1.1" 200 12941
INFO 2021-02-19 22:08:34,170 basehttp 157 "GET /static/js/vue-2.5.16.js HTTP/1.1" 200 289307
INFO 2021-02-19 22:08:34,198 basehttp 157 "GET /static/js/host.js HTTP/1.1" 200 77
INFO 2021-02-19 22:08:34,205 basehttp 157 "GET /static/js/common.js HTTP/1.1" 200 891
INFO 2021-02-19 22:08:34,222 basehttp 157 "GET /static/images/logo.png HTTP/1.1" 200 15162
INFO 2021-02-19 22:08:34,222 basehttp 157 "GET /static/js/register.js HTTP/1.1" 200 9257
WARNING 2021-02-19 22:08:34,224 basehttp 157 "GET /static/js/axios.min.map HTTP/1.1" 404 1674
INFO 2021-02-19 22:08:34,239 basehttp 157 "GET /static/images/interval_line.png HTTP/1.1" 200 1123
INFO 2021-02-19 22:08:34,239 basehttp 157 "GET /static/images/icons02.png HTTP/1.1" 200 3935
INFO 2021-02-19 22:08:34,240 basehttp 157 "GET /static/images/register_banner.png HTTP/1.1" 200 54894
WARNING 2021-02-19 22:08:34,280 log 224 Not Found: /image_codes/4f543ae2-74c7-4151-ae68-cd014c6cea05/
WARNING 2021-02-19 22:08:34,281 basehttp 157 "GET /image_codes/4f543ae2-74c7-4151-ae68-cd014c6cea05/ HTTP/1.1" 404 2615
INFO 2021-02-19 22:08:52,240 autoreload 613 Watching for file changes with StatReloader
INFO 2021-02-19 22:08:53,436 basehttp 157 "GET / HTTP/1.1" 200 30163
WARNING 2021-02-19 22:08:53,696 log 224 Not Found: /carts/simple/
WARNING 2021-02-19 22:08:53,697 basehttp 157 "GET /carts/simple/ HTTP/1.1" 404 2507
INFO 2021-02-19 22:08:55,785 basehttp 157 "GET /register/ HTTP/1.1" 200 4147
WARNING 2021-02-19 22:08:55,890 log 224 Not Found: /image_codes/7bc1024c-fb6b-42fe-b839-a7383bf151a3/
WARNING 2021-02-19 22:08:55,891 basehttp 157 "GET /image_codes/7bc1024c-fb6b-42fe-b839-a7383bf151a3/ HTTP/1.1" 404 2615
INFO 2021-02-19 22:08:59,338 basehttp 157 "GET /usernames/xuanRui/count/ HTTP/1.1" 200 41
WARNING 2021-02-19 22:09:01,426 basehttp 157 "GET /static/js/axios.min.map HTTP/1.1" 404 1674
INFO 2021-02-19 22:09:06,088 basehttp 157 "GET /register/ HTTP/1.1" 200 4147
INFO 2021-02-19 22:09:06,165 basehttp 157 "GET /static/css/reset.css HTTP/1.1" 200 638
INFO 2021-02-19 22:09:06,166 basehttp 157 "GET /static/js/axios-0.18.0.min.js HTTP/1.1" 200 12941
INFO 2021-02-19 22:09:06,166 basehttp 157 "GET /static/css/main.css HTTP/1.1" 200 39722
INFO 2021-02-19 22:09:06,169 basehttp 157 "GET /static/js/vue-2.5.16.js HTTP/1.1" 200 289307
INFO 2021-02-19 22:09:06,178 basehttp 157 "GET /static/js/host.js HTTP/1.1" 200 77
INFO 2021-02-19 22:09:06,182 basehttp 157 "GET /static/js/common.js HTTP/1.1" 200 891
INFO 2021-02-19 22:09:06,197 basehttp 157 "GET /static/images/logo.png HTTP/1.1" 200 15162
INFO 2021-02-19 22:09:06,197 basehttp 157 "GET /static/js/register.js HTTP/1.1" 200 9257
WARNING 2021-02-19 22:09:06,209 basehttp 157 "GET /static/js/axios.min.map HTTP/1.1" 404 1674
INFO 2021-02-19 22:09:06,217 basehttp 157 "GET /static/images/interval_line.png HTTP/1.1" 200 1123
INFO 2021-02-19 22:09:06,218 basehttp 157 "GET /static/images/icons02.png HTTP/1.1" 200 3935
INFO 2021-02-19 22:09:06,219 basehttp 157 "GET /static/images/register_banner.png HTTP/1.1" 200 54894
WARNING 2021-02-19 22:09:06,258 log 224 Not Found: /image_codes/a0c23519-ac95-4194-b119-f5f573aac2a9/
WARNING 2021-02-19 22:09:06,259 basehttp 157 "GET /image_codes/a0c23519-ac95-4194-b119-f5f573aac2a9/ HTTP/1.1" 404 2615
INFO 2021-02-19 22:10:07,914 autoreload 613 Watching for file changes with StatReloader
INFO 2021-02-19 22:10:08,917 basehttp 157 "GET / HTTP/1.1" 200 30163
WARNING 2021-02-19 22:10:09,168 log 224 Not Found: /carts/simple/
WARNING 2021-02-19 22:10:09,168 basehttp 157 "GET /carts/simple/ HTTP/1.1" 404 2507
INFO 2021-02-19 22:10:10,469 basehttp 157 "GET /register/ HTTP/1.1" 200 4147
WARNING 2021-02-19 22:10:10,568 log 224 Not Found: /image_codes/34c49bdf-f78f-4d52-afbc-9a50ca2612d6/
WARNING 2021-02-19 22:10:10,568 basehttp 157 "GET /image_codes/34c49bdf-f78f-4d52-afbc-9a50ca2612d6/ HTTP/1.1" 404 2615
INFO 2021-02-19 22:10:11,781 basehttp 157 "GET /usernames/xuanRui/count/ HTTP/1.1" 200 41
WARNING 2021-02-19 22:10:15,410 basehttp 157 "GET /static/js/axios.min.map HTTP/1.1" 404 1674
INFO 2021-02-19 22:10:17,663 basehttp 157 "GET /register/ HTTP/1.1" 200 4147
INFO 2021-02-19 22:10:17,706 basehttp 157 "GET /static/css/reset.css HTTP/1.1" 200 638
INFO 2021-02-19 22:10:17,708 basehttp 157 "GET /static/css/main.css HTTP/1.1" 200 39722
INFO 2021-02-19 22:10:17,708 basehttp 157 "GET /static/js/axios-0.18.0.min.js HTTP/1.1" 200 12941
INFO 2021-02-19 22:10:17,712 basehttp 157 "GET /static/js/vue-2.5.16.js HTTP/1.1" 200 289307
INFO 2021-02-19 22:10:17,761 basehttp 157 "GET /static/js/common.js HTTP/1.1" 200 891
INFO 2021-02-19 22:10:17,762 basehttp 157 "GET /static/js/host.js HTTP/1.1" 200 76
INFO 2021-02-19 22:10:17,763 basehttp 157 "GET /static/images/logo.png HTTP/1.1" 200 15162
INFO 2021-02-19 22:10:17,765 basehttp 157 "GET /static/js/register.js HTTP/1.1" 200 9257
WARNING 2021-02-19 22:10:17,777 basehttp 157 "GET /static/js/axios.min.map HTTP/1.1" 404 1674
INFO 2021-02-19 22:10:17,787 basehttp 157 "GET /static/images/interval_line.png HTTP/1.1" 200 1123
INFO 2021-02-19 22:10:17,787 basehttp 157 "GET /static/images/icons02.png HTTP/1.1" 200 3935
INFO 2021-02-19 22:10:17,788 basehttp 157 "GET /static/images/register_banner.png HTTP/1.1" 200 54894
WARNING 2021-02-19 22:10:17,834 log 224 Not Found: /image_codes/3c7111fb-b211-4b0e-97fc-fb2328f9b9e0/
WARNING 2021-02-19 22:10:17,834 basehttp 157 "GET /image_codes/3c7111fb-b211-4b0e-97fc-fb2328f9b9e0/ HTTP/1.1" 404 2613
INFO 2021-02-19 22:10:18,961 basehttp 157 "GET /usernames/xuanRui/count/ HTTP/1.1" 200 41
INFO 2021-02-19 22:11:22,744 autoreload 613 Watching for file changes with StatReloader
INFO 2021-02-19 22:11:25,348 basehttp 157 "GET / HTTP/1.1" 200 30163
INFO 2021-02-19 22:11:25,388 basehttp 157 "GET /static/js/host.js HTTP/1.1" 304 0
WARNING 2021-02-19 22:11:25,632 log 224 Not Found: /carts/simple/
WARNING 2021-02-19 22:11:25,633 basehttp 157 "GET /carts/simple/ HTTP/1.1" 404 2505
INFO 2021-02-19 22:11:26,929 basehttp 157 "GET /register/ HTTP/1.1" 200 4147
WARNING 2021-02-19 22:11:27,026 log 224 Not Found: /image_codes/2d037614-24f9-4e52-85bc-9b27992c0ca7/
WARNING 2021-02-19 22:11:27,026 basehttp 157 "GET /image_codes/2d037614-24f9-4e52-85bc-9b27992c0ca7/ HTTP/1.1" 404 2613
INFO 2021-02-19 22:11:32,825 basehttp 157 "GET /usernames/xuanRui/count/ HTTP/1.1" 200 41
WARNING 2021-02-19 22:11:35,781 log 224 Not Found: /image_codes/8b80b6ab-cb8e-4022-a929-8a214de5e525/
WARNING 2021-02-19 22:11:35,782 basehttp 157 "GET /image_codes/8b80b6ab-cb8e-4022-a929-8a214de5e525/ HTTP/1.1" 404 2613
INFO 2021-02-19 22:11:38,034 basehttp 157 "GET /register/ HTTP/1.1" 200 4147
INFO 2021-02-19 22:11:38,064 basehttp 157 "GET /static/js/host.js HTTP/1.1" 304 0
WARNING 2021-02-19 22:11:38,097 log 224 Not Found: /image_codes/59ad02fc-86bf-4ffa-8d2f-dee4b9dcb3e7/
WARNING 2021-02-19 22:11:38,097 basehttp 157 "GET /image_codes/59ad02fc-86bf-4ffa-8d2f-dee4b9dcb3e7/ HTTP/1.1" 404 2613
INFO 2021-02-19 22:11:38,628 basehttp 157 "GET /usernames/xuanRui/count/ HTTP/1.1" 200 41
INFO 2021-02-19 22:12:52,814 autoreload 236 D:\toGithubFiles\DjangoProject\BuleMall\BuleMall\BuleMall\urls.py changed, reloading.
INFO 2021-02-19 22:12:53,459 autoreload 613 Watching for file changes with StatReloader
INFO 2021-02-19 22:12:53,486 autoreload 236 D:\toGithubFiles\DjangoProject\BuleMall\BuleMall\BuleMall\urls.py changed, reloading.
INFO 2021-02-19 22:12:54,776 autoreload 613 Watching for file changes with StatReloader
INFO 2021-02-19 22:13:05,128 basehttp 157 "GET / HTTP/1.1" 200 30163
INFO 2021-02-19 22:13:05,159 basehttp 157 "GET /static/js/host.js HTTP/1.1" 304 0
WARNING 2021-02-19 22:13:05,368 log 224 Not Found: /carts/simple/
WARNING 2021-02-19 22:13:05,369 basehttp 157 "GET /carts/simple/ HTTP/1.1" 404 2878
INFO 2021-02-19 22:13:06,943 basehttp 157 "GET /register/ HTTP/1.1" 200 4147
INFO 2021-02-19 22:13:07,899 basehttp 157 "GET /image_codes/78eb662e-60d6-497a-8ca6-5275c8cf61a3/ HTTP/1.1" 200 3605
INFO 2021-02-19 22:13:08,681 basehttp 157 "GET /usernames/xuanRui/count/ HTTP/1.1" 200 41
INFO 2021-02-19 22:13:48,794 basehttp 157 "GET / HTTP/1.1" 200 30163
INFO 2021-02-19 22:13:48,822 basehttp 157 "GET /static/js/host.js HTTP/1.1" 304 0
WARNING 2021-02-19 22:13:49,039 log 224 Not Found: /carts/simple/
WARNING 2021-02-19 22:13:49,039 basehttp 157 "GET /carts/simple/ HTTP/1.1" 404 2878
INFO 2021-02-19 22:13:52,020 basehttp 157 "GET /register/ HTTP/1.1" 200 4147
INFO 2021-02-19 22:13:52,122 basehttp 157 "GET /image_codes/ac146230-d90a-4187-9218-fe15778131a9/ HTTP/1.1" 200 2963
INFO 2021-02-19 22:13:53,352 basehttp 157 "GET /usernames/xuanRui/count/ HTTP/1.1" 200 41
INFO 2021-02-19 22:13:54,386 basehttp 157 "GET /usernames/xuanRui/count/ HTTP/1.1" 200 41
INFO 2021-02-19 22:13:56,185 basehttp 157 "GET /usernames/xuanRui1/count/ HTTP/1.1" 200 41
WARNING 2021-02-19 22:14:07,720 log 224 Not Found: /mobiles/13753949664/count/
WARNING 2021-02-19 22:14:07,721 basehttp 157 "GET /mobiles/13753949664/count/ HTTP/1.1" 404 2917
WARNING 2021-02-19 22:14:20,279 log 224 Not Found: /mobiles/13753949664/count/
WARNING 2021-02-19 22:14:20,279 basehttp 157 "GET /mobiles/13753949664/count/ HTTP/1.1" 404 2917
INFO 2021-02-19 22:16:30,896 autoreload 236 D:\toGithubFiles\DjangoProject\BuleMall\BuleMall\apps\users\urls.py changed, reloading.
INFO 2021-02-19 22:16:31,146 autoreload 236 D:\toGithubFiles\DjangoProject\BuleMall\BuleMall\apps\users\urls.py changed, reloading.
INFO 2021-02-19 22:16:31,786 autoreload 613 Watching for file changes with StatReloader
INFO 2021-02-19 22:16:32,177 autoreload 613 Watching for file changes with StatReloader
INFO 2021-02-19 22:16:33,727 basehttp 157 "GET / HTTP/1.1" 200 30163
INFO 2021-02-19 22:16:33,759 basehttp 157 "GET /static/js/host.js HTTP/1.1" 304 0
WARNING 2021-02-19 22:16:33,980 log 224 Not Found: /carts/simple/
WARNING 2021-02-19 22:16:33,981 basehttp 157 "GET /carts/simple/ HTTP/1.1" 404 3550
INFO 2021-02-19 22:16:36,694 basehttp 157 "GET /info/ HTTP/1.1" 302 0
WARNING 2021-02-19 22:16:36,718 log 224 Not Found: /accounts/login/
WARNING 2021-02-19 22:16:36,719 basehttp 157 "GET /accounts/login/?next=/info/ HTTP/1.1" 404 3568
INFO 2021-02-19 22:16:41,747 basehttp 157 "GET /register/ HTTP/1.1" 200 4147
INFO 2021-02-19 22:16:41,897 basehttp 157 "GET /image_codes/38601547-810b-40ab-b584-1a267d394b21/ HTTP/1.1" 200 3387
INFO 2021-02-19 22:16:44,253 basehttp 157 "GET /usernames/xuanRui/count/ HTTP/1.1" 200 41
INFO 2021-02-19 22:16:45,760 basehttp 157 "GET /usernames/xuanRui1/count/ HTTP/1.1" 200 41
INFO 2021-02-19 22:16:54,620 basehttp 157 "GET /mobiles/13753949664/count/ HTTP/1.1" 200 41
INFO 2021-02-19 22:16:58,828 basehttp 157 "GET /mobiles/13753949661/count/ HTTP/1.1" 200 41
INFO 2021-02-19 22:17:06,968 basehttp 157 "GET /mobiles/13753949661/count/ HTTP/1.1" 200 41
INFO 2021-02-19 22:17:08,326 basehttp 157 "GET /sms_codes/13753949661/?image_code=UGBM&image_code_id=38601547-810b-40ab-b584-1a267d394b21 HTTP/1.1" 200 63
INFO 2021-02-19 22:17:51,384 basehttp 157 "GET /mobiles/13753949661/count/ HTTP/1.1" 200 41
INFO 2021-02-19 22:17:51,384 basehttp 157 "GET /usernames/xuanRui1/count/ HTTP/1.1" 200 41
ERROR 2021-02-19 22:17:51,414 log 224 Internal Server Error: /register/
Traceback (most recent call last):
  File "D:\Python38\EVN_HOME\DjangoEvn\lib\site-packages\django\core\handlers\exception.py", line 47, in inner
    response = get_response(request)
  File "D:\Python38\EVN_HOME\DjangoEvn\lib\site-packages\django\core\handlers\base.py", line 186, in _get_response
    self.check_response(response, callback)
  File "D:\Python38\EVN_HOME\DjangoEvn\lib\site-packages\django\core\handlers\base.py", line 307, in check_response
    raise ValueError(
ValueError: The view apps.users.views.RegisterView didn't return an HttpResponse object. It returned None instead.
ERROR 2021-02-19 22:17:51,415 basehttp 157 "POST /register/ HTTP/1.1" 500 70393
INFO 2021-02-19 22:18:25,334 autoreload 236 D:\toGithubFiles\DjangoProject\BuleMall\BuleMall\apps\users\urls.py changed, reloading.
INFO 2021-02-19 22:18:25,937 autoreload 236 D:\toGithubFiles\DjangoProject\BuleMall\BuleMall\apps\users\urls.py changed, reloading.
INFO 2021-02-19 22:18:26,047 autoreload 613 Watching for file changes with StatReloader
INFO 2021-02-19 22:18:27,297 autoreload 613 Watching for file changes with StatReloader
INFO 2021-02-19 22:22:23,581 basehttp 157 "GET / HTTP/1.1" 200 30163
INFO 2021-02-19 22:22:23,618 basehttp 157 "GET /static/js/host.js HTTP/1.1" 304 0
WARNING 2021-02-19 22:22:23,825 log 224 Not Found: /carts/simple/
WARNING 2021-02-19 22:22:23,826 basehttp 157 "GET /carts/simple/ HTTP/1.1" 404 3549
INFO 2021-02-19 22:22:23,915 autoreload 236 D:\toGithubFiles\DjangoProject\BuleMall\BuleMall\apps\users\views.py changed, reloading.
INFO 2021-02-19 22:22:23,979 autoreload 236 D:\toGithubFiles\DjangoProject\BuleMall\BuleMall\apps\users\urls.py changed, reloading.
INFO 2021-02-19 22:22:24,603 autoreload 613 Watching for file changes with StatReloader
INFO 2021-02-19 22:22:25,347 autoreload 613 Watching for file changes with StatReloader
INFO 2021-02-19 22:22:27,126 basehttp 157 "GET /register/ HTTP/1.1" 200 4147
INFO 2021-02-19 22:22:27,269 basehttp 157 "GET /image_codes/bb8f47c7-8bbb-4ab0-a1ab-a00fa4a4556f/ HTTP/1.1" 200 3066
INFO 2021-02-19 22:22:28,278 basehttp 157 "GET /usernames/xuanRui/count/ HTTP/1.1" 200 41
INFO 2021-02-19 22:22:29,502 basehttp 157 "GET /usernames/xuanRui1/count/ HTTP/1.1" 200 41
INFO 2021-02-19 22:22:44,986 basehttp 157 "GET /mobiles/13753949664/count/ HTTP/1.1" 200 41
INFO 2021-02-19 22:22:48,382 basehttp 157 "GET /mobiles/13753949660/count/ HTTP/1.1" 200 41
INFO 2021-02-19 22:22:58,029 basehttp 157 "GET /mobiles/13753949660/count/ HTTP/1.1" 200 41
INFO 2021-02-19 22:22:58,092 basehttp 157 "GET /sms_codes/13753949660/?image_code=jl8u&image_code_id=bb8f47c7-8bbb-4ab0-a1ab-a00fa4a4556f HTTP/1.1" 200 63
INFO 2021-02-19 22:23:13,199 basehttp 157 "GET /usernames/xuanRui1/count/ HTTP/1.1" 200 41
INFO 2021-02-19 22:23:13,208 basehttp 157 "GET /mobiles/13753949660/count/ HTTP/1.1" 200 41
ERROR 2021-02-19 22:23:13,913 log 224 Internal Server Error: /register/
Traceback (most recent call last):
  File "D:\Python38\EVN_HOME\DjangoEvn\lib\site-packages\django\urls\base.py", line 72, in reverse
    extra, resolver = resolver.namespace_dict[ns]
KeyError: 'index'

During handling of the above exception, another exception occurred:

Traceback (most recent call last):
  File "D:\Python38\EVN_HOME\DjangoEvn\lib\site-packages\django\core\handlers\exception.py", line 47, in inner
    response = get_response(request)
  File "D:\Python38\EVN_HOME\DjangoEvn\lib\site-packages\django\core\handlers\base.py", line 179, in _get_response
    response = wrapped_callback(request, *callback_args, **callback_kwargs)
  File "D:\Python38\EVN_HOME\DjangoEvn\lib\site-packages\django\views\generic\base.py", line 70, in view
    return self.dispatch(request, *args, **kwargs)
  File "D:\Python38\EVN_HOME\DjangoEvn\lib\site-packages\django\views\generic\base.py", line 98, in dispatch
    return handler(request, *args, **kwargs)
  File "D:\toGithubFiles\DjangoProject\BuleMall\BuleMall\apps\users\views.py", line 74, in post
    response = redirect(reverse("index:index_page"))
  File "D:\Python38\EVN_HOME\DjangoEvn\lib\site-packages\django\urls\base.py", line 83, in reverse
    raise NoReverseMatch("%s is not a registered namespace" % key)
django.urls.exceptions.NoReverseMatch: 'index' is not a registered namespace
ERROR 2021-02-19 22:23:13,915 basehttp 157 "POST /register/ HTTP/1.1" 500 93157
INFO 2021-02-19 22:25:12,800 autoreload 236 D:\toGithubFiles\DjangoProject\BuleMall\BuleMall\BuleMall\urls.py changed, reloading.
INFO 2021-02-19 22:25:13,018 autoreload 236 D:\toGithubFiles\DjangoProject\BuleMall\BuleMall\apps\index\urls.py changed, reloading.
INFO 2021-02-19 22:25:13,503 autoreload 613 Watching for file changes with StatReloader
INFO 2021-02-19 22:25:14,378 autoreload 613 Watching for file changes with StatReloader
INFO 2021-02-19 22:25:37,153 autoreload 613 Watching for file changes with StatReloader
INFO 2021-02-19 22:25:38,630 basehttp 157 "GET / HTTP/1.1" 200 30163
INFO 2021-02-19 22:25:38,675 basehttp 157 "GET /static/js/host.js HTTP/1.1" 304 0
WARNING 2021-02-19 22:25:39,046 log 224 Not Found: /carts/simple/
WARNING 2021-02-19 22:25:39,047 basehttp 157 "GET /carts/simple/ HTTP/1.1" 404 3550
INFO 2021-02-19 22:25:42,884 basehttp 157 "GET /register/ HTTP/1.1" 200 4147
INFO 2021-02-19 22:25:43,583 basehttp 157 "GET /usernames/xuanRui/count/ HTTP/1.1" 200 41
INFO 2021-02-19 22:25:44,941 basehttp 157 "GET /usernames/xuanRui1/count/ HTTP/1.1" 200 41
INFO 2021-02-19 22:25:48,409 basehttp 157 "GET /usernames/xuanRui2/count/ HTTP/1.1" 200 41
INFO 2021-02-19 22:25:53,311 basehttp 157 "GET /image_codes/4486b501-705b-42c5-ad59-4c69621ca405/ HTTP/1.1" 200 2876
INFO 2021-02-19 22:25:57,902 basehttp 157 "GET /usernames/xuanRui2/count/ HTTP/1.1" 200 41
INFO 2021-02-19 22:26:03,382 basehttp 157 "GET /mobiles/13753949664/count/ HTTP/1.1" 200 41
INFO 2021-02-19 22:26:05,542 basehttp 157 "GET /mobiles/13753949661/count/ HTTP/1.1" 200 41
INFO 2021-02-19 22:26:13,289 basehttp 157 "GET /mobiles/13753949661/count/ HTTP/1.1" 200 41
INFO 2021-02-19 22:26:13,361 basehttp 157 "GET /sms_codes/13753949661/?image_code=yjir&image_code_id=4486b501-705b-42c5-ad59-4c69621ca405 HTTP/1.1" 200 63
INFO 2021-02-19 22:26:27,641 basehttp 157 "GET /mobiles/13753949661/count/ HTTP/1.1" 200 41
INFO 2021-02-19 22:26:27,641 basehttp 157 "GET /usernames/xuanRui2/count/ HTTP/1.1" 200 41
INFO 2021-02-19 22:26:28,008 basehttp 157 "POST /register/ HTTP/1.1" 302 0
INFO 2021-02-19 22:26:28,036 basehttp 157 "GET / HTTP/1.1" 200 30163
WARNING 2021-02-19 22:26:28,218 log 224 Not Found: /carts/simple/
WARNING 2021-02-19 22:26:28,218 basehttp 157 "GET /carts/simple/ HTTP/1.1" 404 3550
ERROR 2021-02-19 22:26:39,061 log 224 Internal Server Error: /logout/
Traceback (most recent call last):
  File "D:\Python38\EVN_HOME\DjangoEvn\lib\site-packages\django\urls\base.py", line 72, in reverse
    extra, resolver = resolver.namespace_dict[ns]
KeyError: 'users'

During handling of the above exception, another exception occurred:

Traceback (most recent call last):
  File "D:\Python38\EVN_HOME\DjangoEvn\lib\site-packages\django\core\handlers\exception.py", line 47, in inner
    response = get_response(request)
  File "D:\Python38\EVN_HOME\DjangoEvn\lib\site-packages\django\core\handlers\base.py", line 179, in _get_response
    response = wrapped_callback(request, *callback_args, **callback_kwargs)
  File "D:\Python38\EVN_HOME\DjangoEvn\lib\site-packages\django\views\generic\base.py", line 70, in view
    return self.dispatch(request, *args, **kwargs)
  File "D:\Python38\EVN_HOME\DjangoEvn\lib\site-packages\django\views\generic\base.py", line 98, in dispatch
    return handler(request, *args, **kwargs)
  File "D:\toGithubFiles\DjangoProject\BuleMall\BuleMall\apps\users\views.py", line 147, in get
    response = redirect(reverse('users:login'))
  File "D:\Python38\EVN_HOME\DjangoEvn\lib\site-packages\django\urls\base.py", line 83, in reverse
    raise NoReverseMatch("%s is not a registered namespace" % key)
django.urls.exceptions.NoReverseMatch: 'users' is not a registered namespace
ERROR 2021-02-19 22:26:39,065 basehttp 157 "GET /logout/ HTTP/1.1" 500 90008
INFO 2021-02-19 22:28:23,587 autoreload 236 D:\toGithubFiles\DjangoProject\BuleMall\BuleMall\apps\users\urls.py changed, reloading.
INFO 2021-02-19 22:28:24,259 autoreload 613 Watching for file changes with StatReloader
INFO 2021-02-19 22:28:27,733 basehttp 157 "GET /logout/ HTTP/1.1" 302 0
INFO 2021-02-19 22:28:27,763 basehttp 157 "GET /login/ HTTP/1.1" 200 2938
INFO 2021-02-19 22:28:27,797 basehttp 157 "GET /static/js/host.js HTTP/1.1" 304 0
INFO 2021-02-19 22:28:27,825 basehttp 157 "GET /static/images/logo02.png HTTP/1.1" 200 15162
INFO 2021-02-19 22:28:27,876 basehttp 157 "GET /static/js/login.js HTTP/1.1" 200 1769
INFO 2021-02-19 22:28:27,883 basehttp 157 "GET /static/images/QQ-weixin.png HTTP/1.1" 200 1816
INFO 2021-02-19 22:28:27,920 basehttp 157 "GET /static/images/login_banner.png HTTP/1.1" 200 319312
INFO 2021-02-19 22:28:36,798 basehttp 157 "GET /login/ HTTP/1.1" 200 2938
INFO 2021-02-19 22:28:37,555 basehttp 157 "GET /login/ HTTP/1.1" 200 2938
INFO 2021-02-19 22:28:40,334 basehttp 157 "POST /login/ HTTP/1.1" 302 0
INFO 2021-02-19 22:28:40,364 basehttp 157 "GET / HTTP/1.1" 200 30163
WARNING 2021-02-19 22:28:40,536 log 224 Not Found: /carts/simple/
WARNING 2021-02-19 22:28:40,536 basehttp 157 "GET /carts/simple/ HTTP/1.1" 404 3550
INFO 2021-02-19 22:28:41,924 basehttp 157 "GET /logout/ HTTP/1.1" 302 0
INFO 2021-02-19 22:28:41,942 basehttp 157 "GET /login/ HTTP/1.1" 200 2938
INFO 2021-02-19 22:28:47,637 basehttp 157 "GET / HTTP/1.1" 200 30163
WARNING 2021-02-19 22:28:47,820 log 224 Not Found: /carts/simple/
WARNING 2021-02-19 22:28:47,821 basehttp 157 "GET /carts/simple/ HTTP/1.1" 404 3550
INFO 2021-02-19 22:28:59,196 basehttp 157 "GET / HTTP/1.1" 200 30163
WARNING 2021-02-19 22:28:59,434 log 224 Not Found: /carts/simple/
WARNING 2021-02-19 22:28:59,435 basehttp 157 "GET /carts/simple/ HTTP/1.1" 404 3550
INFO 2021-02-19 22:32:08,608 basehttp 157 "GET /register/ HTTP/1.1" 200 4147
INFO 2021-02-19 22:32:08,657 basehttp 157 "GET /static/js/host.js HTTP/1.1" 304 0
INFO 2021-02-19 22:32:08,755 basehttp 157 "GET /image_codes/9e403066-2365-4b86-a13c-2ecd3509fbe5/ HTTP/1.1" 200 3704
INFO 2021-02-19 22:32:41,637 basehttp 157 "GET /usernames/xuanRui2/count/ HTTP/1.1" 200 41
WARNING 2021-02-19 22:32:45,352 basehttp 157 "GET /static/login.html HTTP/1.1" 404 1656
INFO 2021-02-19 22:32:48,738 basehttp 157 "GET /image_codes/9a05d046-8de7-4404-9e2d-985ac349fcb7/ HTTP/1.1" 200 3126
INFO 2021-02-19 22:34:51,021 autoreload 613 Watching for file changes with StatReloader
INFO 2021-02-19 22:34:52,219 basehttp 157 "GET / HTTP/1.1" 200 30163
INFO 2021-02-19 22:34:52,257 basehttp 157 "GET /static/js/host.js HTTP/1.1" 304 0
WARNING 2021-02-19 22:34:52,479 log 224 Not Found: /carts/simple/
WARNING 2021-02-19 22:34:52,480 basehttp 157 "GET /carts/simple/ HTTP/1.1" 404 3550
INFO 2021-02-19 22:34:54,627 basehttp 157 "GET /login/ HTTP/1.1" 200 2938
INFO 2021-02-19 22:35:09,449 basehttp 157 "GET /register/ HTTP/1.1" 200 4128
INFO 2021-02-19 22:35:09,576 basehttp 157 "GET /image_codes/a6ab5531-15bd-4609-af59-ac835186571a/ HTTP/1.1" 200 3238
INFO 2021-02-19 22:35:12,496 basehttp 157 "GET /usernames/xuanRui2/count/ HTTP/1.1" 200 41
INFO 2021-02-19 22:35:12,561 basehttp 157 "GET /login/ HTTP/1.1" 200 2938
WARNING 2021-02-19 22:35:21,062 log 224 Not Found: /qqlogin/
WARNING 2021-02-19 22:35:21,062 basehttp 157 "GET /qqlogin/ HTTP/1.1" 404 3535
INFO 2021-02-19 22:36:06,301 basehttp 157 "GET /image_codes/20854b42-feb8-4edf-9083-98b9800bcf24/ HTTP/1.1" 200 3267
INFO 2021-02-19 22:36:11,744 basehttp 157 "GET /login/ HTTP/1.1" 200 2938
INFO 2021-02-19 22:36:13,868 basehttp 157 "POST /login/ HTTP/1.1" 302 0
INFO 2021-02-19 22:36:13,884 basehttp 157 "GET / HTTP/1.1" 200 30163
WARNING 2021-02-19 22:36:14,040 log 224 Not Found: /carts/simple/
WARNING 2021-02-19 22:36:14,041 basehttp 157 "GET /carts/simple/ HTTP/1.1" 404 3550
WARNING 2021-02-19 22:36:18,184 log 224 Not Found: /search/
WARNING 2021-02-19 22:36:18,185 basehttp 157 "GET /search/?q=log HTTP/1.1" 404 3538
INFO 2021-02-19 22:36:27,695 basehttp 157 "GET /static/user_center_order.html HTTP/1.1" 200 5814
INFO 2021-02-19 22:36:27,738 basehttp 157 "GET /static/css/jquery.pagination.css HTTP/1.1" 200 523
INFO 2021-02-19 22:36:27,751 basehttp 157 "GET /static/js/user_center_order.js HTTP/1.1" 200 2046
INFO 2021-02-19 22:36:27,762 basehttp 157 "GET /static/js/jquery.pagination.min.js HTTP/1.1" 200 2935
INFO 2021-02-19 22:36:27,776 basehttp 157 "GET /static/images/left_bg.jpg HTTP/1.1" 200 1367
INFO 2021-02-19 22:36:43,640 basehttp 157 "GET /static/user_center_site.html HTTP/1.1" 200 7380
INFO 2021-02-19 22:36:43,707 basehttp 157 "GET /static/js/user_center_site.js HTTP/1.1" 200 13616
INFO 2021-02-19 22:36:43,720 basehttp 157 "GET /static/images/edit.png HTTP/1.1" 200 1244
WARNING 2021-02-19 22:36:43,755 log 224 Not Found: /areas/
WARNING 2021-02-19 22:36:43,756 basehttp 157 "GET /areas/ HTTP/1.1" 404 3529
INFO 2021-02-19 23:38:23,804 autoreload 613 Watching for file changes with StatReloader
INFO 2021-02-19 23:38:25,066 basehttp 157 "GET / HTTP/1.1" 200 30163
INFO 2021-02-19 23:38:25,109 basehttp 157 "GET /static/js/host.js HTTP/1.1" 304 0
INFO 2021-02-19 23:38:25,181 basehttp 157 "GET /static/images/logo.png HTTP/1.1" 304 0
WARNING 2021-02-19 23:38:25,372 log 224 Not Found: /carts/simple/
WARNING 2021-02-19 23:38:25,373 basehttp 157 "GET /carts/simple/ HTTP/1.1" 404 3550
INFO 2021-02-19 23:38:27,665 basehttp 157 "GET / HTTP/1.1" 200 30163
WARNING 2021-02-19 23:38:27,795 log 224 Not Found: /carts/simple/
WARNING 2021-02-19 23:38:27,796 basehttp 157 "GET /carts/simple/ HTTP/1.1" 404 3550
INFO 2021-02-19 23:38:28,316 basehttp 157 "GET / HTTP/1.1" 200 30163
WARNING 2021-02-19 23:38:28,440 log 224 Not Found: /carts/simple/
WARNING 2021-02-19 23:38:28,442 basehttp 157 "GET /carts/simple/ HTTP/1.1" 404 3550
INFO 2021-02-19 23:38:28,496 basehttp 157 "GET / HTTP/1.1" 200 30163
WARNING 2021-02-19 23:38:28,648 log 224 Not Found: /carts/simple/
WARNING 2021-02-19 23:38:28,648 basehttp 157 "GET /carts/simple/ HTTP/1.1" 404 3550
INFO 2021-02-19 23:38:28,912 basehttp 157 "GET / HTTP/1.1" 200 30163
WARNING 2021-02-19 23:38:29,031 log 224 Not Found: /carts/simple/
WARNING 2021-02-19 23:38:29,031 basehttp 157 "GET /carts/simple/ HTTP/1.1" 404 3550
INFO 2021-02-19 23:38:29,268 basehttp 157 "GET / HTTP/1.1" 200 30163
WARNING 2021-02-19 23:38:29,401 log 224 Not Found: /carts/simple/
WARNING 2021-02-19 23:38:29,401 basehttp 157 "GET /carts/simple/ HTTP/1.1" 404 3550
INFO 2021-02-19 23:38:38,610 autoreload 613 Watching for file changes with StatReloader
INFO 2021-02-19 23:38:39,932 basehttp 157 "GET / HTTP/1.1" 200 30163
WARNING 2021-02-19 23:38:40,202 log 224 Not Found: /carts/simple/
WARNING 2021-02-19 23:38:40,203 basehttp 157 "GET /carts/simple/ HTTP/1.1" 404 3550
INFO 2021-02-19 23:38:59,273 basehttp 157 "GET / HTTP/1.1" 200 30163
WARNING 2021-02-19 23:38:59,536 log 224 Not Found: /carts/simple/
WARNING 2021-02-19 23:38:59,537 basehttp 157 "GET /carts/simple/ HTTP/1.1" 404 3550
INFO 2021-02-19 23:39:06,132 basehttp 157 "GET / HTTP/1.1" 200 30163
WARNING 2021-02-19 23:39:06,394 log 224 Not Found: /carts/simple/
WARNING 2021-02-19 23:39:06,394 basehttp 157 "GET /carts/simple/ HTTP/1.1" 404 3550
INFO 2021-02-19 23:39:14,727 autoreload 613 Watching for file changes with StatReloader
INFO 2021-02-19 23:39:15,873 basehttp 157 "GET / HTTP/1.1" 200 30163
WARNING 2021-02-19 23:39:16,158 log 224 Not Found: /carts/simple/
WARNING 2021-02-19 23:39:16,159 basehttp 157 "GET /carts/simple/ HTTP/1.1" 404 3550
INFO 2021-02-19 23:39:38,696 autoreload 613 Watching for file changes with StatReloader
INFO 2021-02-19 23:39:39,668 basehttp 157 "GET / HTTP/1.1" 200 30163
WARNING 2021-02-19 23:39:40,068 log 224 Not Found: /carts/simple/
WARNING 2021-02-19 23:39:40,069 basehttp 157 "GET /carts/simple/ HTTP/1.1" 404 3550
WARNING 2021-02-19 23:39:40,109 log 224 Not Found: /favicon.ico
WARNING 2021-02-19 23:39:40,110 basehttp 157 "GET /favicon.ico HTTP/1.1" 404 3544
INFO 2021-02-19 23:39:41,520 basehttp 157 "GET / HTTP/1.1" 200 30163
WARNING 2021-02-19 23:39:41,771 log 224 Not Found: /carts/simple/
WARNING 2021-02-19 23:39:41,771 basehttp 157 "GET /carts/simple/ HTTP/1.1" 404 3550
INFO 2021-02-19 23:39:52,209 basehttp 157 "GET / HTTP/1.1" 200 30163
WARNING 2021-02-19 23:39:53,445 log 224 Not Found: /carts/simple/
WARNING 2021-02-19 23:39:53,446 basehttp 157 "GET /carts/simple/ HTTP/1.1" 404 3550
WARNING 2021-02-19 23:39:53,602 log 224 Not Found: /favicon.ico
WARNING 2021-02-19 23:39:53,602 basehttp 157 "GET /favicon.ico HTTP/1.1" 404 3544
INFO 2021-02-19 23:39:59,785 basehttp 157 "GET /logout/ HTTP/1.1" 302 0
INFO 2021-02-19 23:39:59,829 basehttp 157 "GET /login/ HTTP/1.1" 200 2938
INFO 2021-02-19 23:39:59,895 basehttp 157 "GET /static/images/logo02.png HTTP/1.1" 304 0
INFO 2021-02-19 23:40:07,725 basehttp 157 "GET / HTTP/1.1" 200 30163
WARNING 2021-02-19 23:40:07,968 log 224 Not Found: /carts/simple/
WARNING 2021-02-19 23:40:07,968 basehttp 157 "GET /carts/simple/ HTTP/1.1" 404 3550
INFO 2021-02-19 23:40:17,614 autoreload 613 Watching for file changes with StatReloader
INFO 2021-02-19 23:40:18,966 basehttp 157 "GET / HTTP/1.1" 200 30163
WARNING 2021-02-19 23:40:19,398 log 224 Not Found: /carts/simple/
WARNING 2021-02-19 23:40:19,399 basehttp 157 "GET /carts/simple/ HTTP/1.1" 404 3550
WARNING 2021-02-19 23:40:19,433 log 224 Not Found: /favicon.ico
WARNING 2021-02-19 23:40:19,434 basehttp 157 "GET /favicon.ico HTTP/1.1" 404 3544
WARNING 2021-02-19 23:40:31,868 basehttp 157 "GET /static/js/axios.min.map HTTP/1.1" 404 1674
INFO 2021-02-19 23:41:53,828 autoreload 613 Watching for file changes with StatReloader
INFO 2021-02-19 23:41:55,939 basehttp 157 "GET / HTTP/1.1" 200 30163
WARNING 2021-02-19 23:41:56,366 log 224 Not Found: /carts/simple/
WARNING 2021-02-19 23:41:56,366 basehttp 157 "GET /carts/simple/ HTTP/1.1" 404 3550
WARNING 2021-02-19 23:41:57,235 log 224 Not Found: /favicon.ico
WARNING 2021-02-19 23:41:57,235 basehttp 157 "GET /favicon.ico HTTP/1.1" 404 3544
INFO 2021-02-19 23:42:14,525 autoreload 613 Watching for file changes with StatReloader
INFO 2021-02-19 23:42:17,030 basehttp 157 "GET / HTTP/1.1" 200 30163
WARNING 2021-02-19 23:42:17,434 log 224 Not Found: /carts/simple/
WARNING 2021-02-19 23:42:17,434 basehttp 157 "GET /carts/simple/ HTTP/1.1" 404 3550
WARNING 2021-02-19 23:42:17,459 log 224 Not Found: /favicon.ico
WARNING 2021-02-19 23:42:17,459 basehttp 157 "GET /favicon.ico HTTP/1.1" 404 3544
WARNING 2021-02-19 23:42:24,810 basehttp 157 "GET /static/js/axios.min.map HTTP/1.1" 404 1674
INFO 2021-02-19 23:43:27,935 basehttp 157 "GET / HTTP/1.1" 200 30163
WARNING 2021-02-19 23:43:28,192 log 224 Not Found: /carts/simple/
WARNING 2021-02-19 23:43:28,193 basehttp 157 "GET /carts/simple/ HTTP/1.1" 404 3550
WARNING 2021-02-19 23:43:28,235 log 224 Not Found: /favicon.ico
WARNING 2021-02-19 23:43:28,235 basehttp 157 "GET /favicon.ico HTTP/1.1" 404 3544
INFO 2021-02-19 23:47:00,683 autoreload 613 Watching for file changes with StatReloader
INFO 2021-02-19 23:47:02,375 basehttp 157 "GET / HTTP/1.1" 200 30163
WARNING 2021-02-19 23:47:02,737 log 224 Not Found: /carts/simple/
WARNING 2021-02-19 23:47:02,738 basehttp 157 "GET /carts/simple/ HTTP/1.1" 404 3550
WARNING 2021-02-19 23:47:02,771 log 224 Not Found: /favicon.ico
WARNING 2021-02-19 23:47:02,772 basehttp 157 "GET /favicon.ico HTTP/1.1" 404 3544
INFO 2021-02-19 23:47:25,783 basehttp 157 "GET / HTTP/1.1" 200 30163
INFO 2021-02-19 23:47:25,848 basehttp 157 "GET /static/js/host.js HTTP/1.1" 304 0
WARNING 2021-02-19 23:47:25,991 log 224 Not Found: /carts/simple/
WARNING 2021-02-19 23:47:25,992 basehttp 157 "GET /carts/simple/ HTTP/1.1" 404 3550
WARNING 2021-02-19 23:47:30,381 basehttp 157 "GET /static/js/axios.min.map HTTP/1.1" 404 1674
WARNING 2021-02-19 23:48:09,567 basehttp 157 "GET /static/js/axios.min.map HTTP/1.1" 404 1674
INFO 2021-02-19 23:49:34,342 autoreload 613 Watching for file changes with StatReloader
INFO 2021-02-19 23:49:36,132 basehttp 157 "GET / HTTP/1.1" 200 30163
INFO 2021-02-19 23:49:36,226 basehttp 157 "GET /static/css/reset.css HTTP/1.1" 200 638
INFO 2021-02-19 23:49:36,249 basehttp 157 "GET /static/css/main.css HTTP/1.1" 200 39722
INFO 2021-02-19 23:49:36,249 basehttp 157 "GET /static/js/host.js HTTP/1.1" 200 76
INFO 2021-02-19 23:49:36,252 basehttp 157 "GET /static/js/common.js HTTP/1.1" 200 891
INFO 2021-02-19 23:49:36,255 basehttp 157 "GET /static/js/axios-0.18.0.min.js HTTP/1.1" 200 12941
INFO 2021-02-19 23:49:36,259 basehttp 157 "GET /static/js/vue-2.5.16.js HTTP/1.1" 200 289307
INFO 2021-02-19 23:49:36,262 basehttp 157 "GET /static/js/jquery-1.12.4.min.js HTTP/1.1" 200 97163
INFO 2021-02-19 23:49:36,273 basehttp 157 "GET /static/js/slide.js HTTP/1.1" 200 1822
INFO 2021-02-19 23:49:36,283 basehttp 157 "GET /static/js/index.js HTTP/1.1" 200 1388
INFO 2021-02-19 23:49:36,302 basehttp 157 "GET /static/images/logo.png HTTP/1.1" 200 15162
INFO 2021-02-19 23:49:36,303 basehttp 157 "GET /static/images/slide01.jpg HTTP/1.1" 200 55060
INFO 2021-02-19 23:49:36,303 basehttp 157 "GET /static/images/slide04.jpg HTTP/1.1" 200 30588
INFO 2021-02-19 23:49:36,304 basehttp 157 "GET /static/images/adv01.jpg HTTP/1.1" 200 39831
INFO 2021-02-19 23:49:36,304 basehttp 157 "GET /static/images/slide02.jpg HTTP/1.1" 200 33192
INFO 2021-02-19 23:49:36,316 basehttp 157 "GET /static/images/banner01.jpg HTTP/1.1" 200 23658
INFO 2021-02-19 23:49:36,316 basehttp 157 "GET /static/images/goods/goods003.jpg HTTP/1.1" 200 8579
INFO 2021-02-19 23:49:36,319 basehttp 157 "GET /static/images/slide03.jpg HTTP/1.1" 200 588245
INFO 2021-02-19 23:49:36,353 basehttp 157 "GET /static/images/goods/goods002.jpg HTTP/1.1" 200 5377
INFO 2021-02-19 23:49:36,354 basehttp 157 "GET /static/images/goods/goods005.jpg HTTP/1.1" 200 7578
INFO 2021-02-19 23:49:36,354 basehttp 157 "GET /static/images/goods/goods004.jpg HTTP/1.1" 200 6565
INFO 2021-02-19 23:49:36,354 basehttp 157 "GET /static/images/goods/goods001.jpg HTTP/1.1" 200 5391
INFO 2021-02-19 23:49:36,355 basehttp 157 "GET /static/images/banner02.jpg HTTP/1.1" 200 26729
INFO 2021-02-19 23:49:36,375 basehttp 157 "GET /static/images/goods/goods008.jpg HTTP/1.1" 200 7072
INFO 2021-02-19 23:49:36,375 basehttp 157 "GET /static/images/goods/goods009.jpg HTTP/1.1" 200 8738
INFO 2021-02-19 23:49:36,375 basehttp 157 "GET /static/images/banner03.jpg HTTP/1.1" 200 22681
INFO 2021-02-19 23:49:36,404 basehttp 157 "GET /static/images/icons.png HTTP/1.1" 200 7740
WARNING 2021-02-19 23:49:36,566 log 224 Not Found: /carts/simple/
WARNING 2021-02-19 23:49:36,567 basehttp 157 "GET /carts/simple/ HTTP/1.1" 404 3550
WARNING 2021-02-19 23:49:37,427 log 224 Not Found: /favicon.ico
WARNING 2021-02-19 23:49:37,427 basehttp 157 "GET /favicon.ico HTTP/1.1" 404 3544
INFO 2021-02-19 23:50:11,761 basehttp 157 "GET / HTTP/1.1" 200 30163
WARNING 2021-02-19 23:50:12,213 log 224 Not Found: /carts/simple/
WARNING 2021-02-19 23:50:12,214 basehttp 157 "GET /carts/simple/ HTTP/1.1" 404 3550
WARNING 2021-02-19 23:50:13,049 log 224 Not Found: /favicon.ico
WARNING 2021-02-19 23:50:13,049 basehttp 157 "GET /favicon.ico HTTP/1.1" 404 3544
INFO 2021-02-19 23:50:13,871 basehttp 157 "GET /login/ HTTP/1.1" 200 2938
INFO 2021-02-19 23:50:13,943 basehttp 157 "GET /static/js/login.js HTTP/1.1" 200 1769
INFO 2021-02-19 23:50:13,944 basehttp 157 "GET /static/images/logo02.png HTTP/1.1" 200 15162
INFO 2021-02-19 23:50:13,962 basehttp 157 "GET /static/images/icons02.png HTTP/1.1" 200 3935
INFO 2021-02-19 23:50:13,965 basehttp 157 "GET /static/images/login_banner.png HTTP/1.1" 200 319312
INFO 2021-02-19 23:50:13,973 basehttp 157 "GET /static/images/QQ-weixin.png HTTP/1.1" 200 1816
INFO 2021-02-19 23:50:15,861 basehttp 157 "POST /login/ HTTP/1.1" 302 0
INFO 2021-02-19 23:50:15,881 basehttp 157 "GET / HTTP/1.1" 200 30163
WARNING 2021-02-19 23:50:16,053 log 224 Not Found: /carts/simple/
WARNING 2021-02-19 23:50:16,053 basehttp 157 "GET /carts/simple/ HTTP/1.1" 404 3550
INFO 2021-02-19 23:50:17,852 basehttp 157 "GET /logout/ HTTP/1.1" 302 0
INFO 2021-02-19 23:50:17,869 basehttp 157 "GET /login/ HTTP/1.1" 200 2938
INFO 2021-02-20 09:34:06,124 autoreload 613 Watching for file changes with StatReloader
INFO 2021-02-20 09:34:09,686 basehttp 157 "GET / HTTP/1.1" 200 30163
INFO 2021-02-20 09:34:09,734 basehttp 157 "GET /static/js/host.js HTTP/1.1" 304 0
INFO 2021-02-20 09:34:09,790 basehttp 157 "GET /static/images/slide01.jpg HTTP/1.1" 304 0
INFO 2021-02-20 09:34:09,791 basehttp 157 "GET /static/images/logo.png HTTP/1.1" 304 0
INFO 2021-02-20 09:34:09,791 basehttp 157 "GET /static/images/slide03.jpg HTTP/1.1" 304 0
INFO 2021-02-20 09:34:09,796 basehttp 157 "GET /static/images/slide04.jpg HTTP/1.1" 304 0
INFO 2021-02-20 09:34:09,797 basehttp 157 "GET /static/images/slide02.jpg HTTP/1.1" 304 0
WARNING 2021-02-20 09:34:10,069 log 224 Not Found: /carts/simple/
WARNING 2021-02-20 09:34:10,085 log 224 Not Found: /favicon.ico
WARNING 2021-02-20 09:34:10,085 basehttp 157 "GET /carts/simple/ HTTP/1.1" 404 3550
WARNING 2021-02-20 09:34:10,085 basehttp 157 "GET /favicon.ico HTTP/1.1" 404 3544
INFO 2021-02-20 09:34:25,301 basehttp 157 "GET /login/ HTTP/1.1" 200 2938
INFO 2021-02-20 09:34:25,368 basehttp 157 "GET /static/images/logo02.png HTTP/1.1" 304 0
INFO 2021-02-20 09:34:27,041 basehttp 157 "POST /login/ HTTP/1.1" 302 0
INFO 2021-02-20 09:34:27,069 basehttp 157 "GET / HTTP/1.1" 200 30163
WARNING 2021-02-20 09:34:27,234 log 224 Not Found: /carts/simple/
WARNING 2021-02-20 09:34:27,234 basehttp 157 "GET /carts/simple/ HTTP/1.1" 404 3550
INFO 2021-02-20 09:53:30,187 basehttp 157 "GET / HTTP/1.1" 200 30163
WARNING 2021-02-20 09:53:30,439 log 224 Not Found: /carts/simple/
WARNING 2021-02-20 09:53:30,440 basehttp 157 "GET /carts/simple/ HTTP/1.1" 404 3550
INFO 2021-02-20 09:53:32,922 basehttp 157 "GET /logout/ HTTP/1.1" 302 0
INFO 2021-02-20 09:53:32,940 basehttp 157 "GET /login/ HTTP/1.1" 200 2938
INFO 2021-02-20 09:53:34,825 basehttp 157 "POST /login/ HTTP/1.1" 302 0
INFO 2021-02-20 09:53:34,848 basehttp 157 "GET / HTTP/1.1" 200 30163
WARNING 2021-02-20 09:53:34,971 log 224 Not Found: /carts/simple/
WARNING 2021-02-20 09:53:34,971 basehttp 157 "GET /carts/simple/ HTTP/1.1" 404 3550
INFO 2021-02-20 09:53:39,439 basehttp 157 "GET /logout/ HTTP/1.1" 302 0
INFO 2021-02-20 09:53:39,455 basehttp 157 "GET /login/ HTTP/1.1" 200 2938
INFO 2021-02-20 09:53:42,123 basehttp 157 "GET /register/ HTTP/1.1" 200 4128
INFO 2021-02-20 09:53:42,823 basehttp 157 "GET /image_codes/e3f89448-3e17-4992-91fa-cffe1f31d49f/ HTTP/1.1" 200 2900
WARNING 2021-02-20 09:53:45,898 log 224 Not Found: /qqlogin/
WARNING 2021-02-20 09:53:45,898 basehttp 157 "GET /qqlogin/ HTTP/1.1" 404 3535
WARNING 2021-02-20 09:54:07,471 log 224 Not Found: /index_page
WARNING 2021-02-20 09:54:07,472 basehttp 157 "GET /index_page HTTP/1.1" 404 3541
INFO 2021-02-20 09:55:36,087 autoreload 236 D:\toGithubFiles\DjangoProject\BuleMall\BuleMall\BuleMall\urls.py changed, reloading.
INFO 2021-02-20 09:55:36,727 autoreload 613 Watching for file changes with StatReloader
INFO 2021-02-20 10:44:15,734 basehttp 157 "GET / HTTP/1.1" 200 30163
INFO 2021-02-20 10:44:15,772 basehttp 157 "GET /static/js/host.js HTTP/1.1" 304 0
INFO 2021-02-20 10:44:15,833 basehttp 157 "GET /static/images/slide01.jpg HTTP/1.1" 304 0
INFO 2021-02-20 10:44:15,836 basehttp 157 "GET /static/images/slide02.jpg HTTP/1.1" 304 0
INFO 2021-02-20 10:44:15,837 basehttp 157 "GET /static/images/slide03.jpg HTTP/1.1" 304 0
INFO 2021-02-20 10:44:15,837 basehttp 157 "GET /static/images/slide04.jpg HTTP/1.1" 304 0
WARNING 2021-02-20 10:44:16,004 log 224 Not Found: /carts/simple/
WARNING 2021-02-20 10:44:16,005 basehttp 157 "GET /carts/simple/ HTTP/1.1" 404 3923
